2024-06-26 09:22:12 Error: [MissingViewException] View file "Messages/delete.ctp" is missing.
Exception Attributes: array (
  'file' => 'Messages/delete.ctp',
)
Request URL: /messages/delete/42
Stack Trace:
#0 /Applications/XAMPP/xamppfiles/htdocs/FortyDegreeActivity/lib/Cake/View/View.php(470): View->_getViewFileName('Messages/delete')
#1 /Applications/XAMPP/xamppfiles/htdocs/FortyDegreeActivity/lib/Cake/Controller/Controller.php(968): View->render(NULL, NULL)
#2 /Applications/XAMPP/xamppfiles/htdocs/FortyDegreeActivity/lib/Cake/Routing/Dispatcher.php(200): Controller->render()
#3 /Applications/XAMPP/xamppfiles/htdocs/FortyDegreeActivity/lib/Cake/Routing/Dispatcher.php(167): Dispatcher->_invoke(Object(MessagesController), Object(CakeRequest))
#4 /Applications/XAMPP/xamppfiles/htdocs/FortyDegreeActivity/app/webroot/index.php(117): Dispatcher->dispatch(Object(CakeRequest), Object(CakeResponse))
#5 /Applications/XAMPP/xamppfiles/htdocs/FortyDegreeActivity/index.php(41): require('/Applications/X...')
#6 {main}
2024-06-26 09:22:43 Error: [MissingViewException] View file "Messages/delete.ctp" is missing.
Exception Attributes: array (
  'file' => 'Messages/delete.ctp',
)
Request URL: /messages/delete/42
Stack Trace:
#0 /Applications/XAMPP/xamppfiles/htdocs/FortyDegreeActivity/lib/Cake/View/View.php(470): View->_getViewFileName('Messages/delete')
#1 /Applications/XAMPP/xamppfiles/htdocs/FortyDegreeActivity/lib/Cake/Controller/Controller.php(968): View->render(NULL, NULL)
#2 /Applications/XAMPP/xamppfiles/htdocs/FortyDegreeActivity/lib/Cake/Routing/Dispatcher.php(200): Controller->render()
#3 /Applications/XAMPP/xamppfiles/htdocs/FortyDegreeActivity/lib/Cake/Routing/Dispatcher.php(167): Dispatcher->_invoke(Object(MessagesController), Object(CakeRequest))
#4 /Applications/XAMPP/xamppfiles/htdocs/FortyDegreeActivity/app/webroot/index.php(117): Dispatcher->dispatch(Object(CakeRequest), Object(CakeResponse))
#5 /Applications/XAMPP/xamppfiles/htdocs/FortyDegreeActivity/index.php(41): require('/Applications/X...')
#6 {main}
2024-06-26 09:22:47 Error: [MissingViewException] View file "Messages/delete.ctp" is missing.
Exception Attributes: array (
  'file' => 'Messages/delete.ctp',
)
Request URL: /messages/delete/42
Stack Trace:
#0 /Applications/XAMPP/xamppfiles/htdocs/FortyDegreeActivity/lib/Cake/View/View.php(470): View->_getViewFileName('Messages/delete')
#1 /Applications/XAMPP/xamppfiles/htdocs/FortyDegreeActivity/lib/Cake/Controller/Controller.php(968): View->render(NULL, NULL)
#2 /Applications/XAMPP/xamppfiles/htdocs/FortyDegreeActivity/lib/Cake/Routing/Dispatcher.php(200): Controller->render()
#3 /Applications/XAMPP/xamppfiles/htdocs/FortyDegreeActivity/lib/Cake/Routing/Dispatcher.php(167): Dispatcher->_invoke(Object(MessagesController), Object(CakeRequest))
#4 /Applications/XAMPP/xamppfiles/htdocs/FortyDegreeActivity/app/webroot/index.php(117): Dispatcher->dispatch(Object(CakeRequest), Object(CakeResponse))
#5 /Applications/XAMPP/xamppfiles/htdocs/FortyDegreeActivity/index.php(41): require('/Applications/X...')
#6 {main}
2024-06-26 10:19:05 Error: [PDOException] SQLSTATE[42000]: Syntax error or access violation: 1064 You have an error in your SQL syntax; check the manual that corresponds to your MariaDB server version for the right syntax to use near 'DISTINCT `Message`.`receiver_id` FROM `forty_activity`.`messages` AS `Message...' at line 1
Request URL: /messages/inbox
Stack Trace:
#0 /Applications/XAMPP/xamppfiles/htdocs/FortyDegreeActivity/lib/Cake/Model/Datasource/DboSource.php(502): PDOStatement->execute(Array)
#1 /Applications/XAMPP/xamppfiles/htdocs/FortyDegreeActivity/lib/Cake/Model/Datasource/DboSource.php(468): DboSource->_execute('SELECT DISTINCT...', Array)
#2 /Applications/XAMPP/xamppfiles/htdocs/FortyDegreeActivity/lib/Cake/Model/Datasource/DboSource.php(715): DboSource->execute('SELECT DISTINCT...', Array, Array)
#3 /Applications/XAMPP/xamppfiles/htdocs/FortyDegreeActivity/lib/Cake/Model/Datasource/DboSource.php(1226): DboSource->fetchAll('SELECT DISTINCT...', Array)
#4 /Applications/XAMPP/xamppfiles/htdocs/FortyDegreeActivity/lib/Cake/Model/Model.php(3053): DboSource->read(Object(Message), Array)
#5 /Applications/XAMPP/xamppfiles/htdocs/FortyDegreeActivity/lib/Cake/Model/Model.php(3025): Model->_readDataSource('all', Array)
#6 /Applications/XAMPP/xamppfiles/htdocs/FortyDegreeActivity/app/Controller/MessagesController.php(18): Model->find('all', Array)
#7 [internal function]: MessagesController->inbox()
#8 /Applications/XAMPP/xamppfiles/htdocs/FortyDegreeActivity/lib/Cake/Controller/Controller.php(499): ReflectionMethod->invokeArgs(Object(MessagesController), Array)
#9 /Applications/XAMPP/xamppfiles/htdocs/FortyDegreeActivity/lib/Cake/Routing/Dispatcher.php(193): Controller->invokeAction(Object(CakeRequest))
#10 /Applications/XAMPP/xamppfiles/htdocs/FortyDegreeActivity/lib/Cake/Routing/Dispatcher.php(167): Dispatcher->_invoke(Object(MessagesController), Object(CakeRequest))
#11 /Applications/XAMPP/xamppfiles/htdocs/FortyDegreeActivity/app/webroot/index.php(117): Dispatcher->dispatch(Object(CakeRequest), Object(CakeResponse))
#12 /Applications/XAMPP/xamppfiles/htdocs/FortyDegreeActivity/index.php(41): require('/Applications/X...')
#13 {main}
2024-06-26 10:21:29 Error: [PDOException] SQLSTATE[42000]: Syntax error or access violation: 1064 You have an error in your SQL syntax; check the manual that corresponds to your MariaDB server version for the right syntax to use near 'DISTINCT `Message`.`receiver_id` FROM `forty_activity`.`messages` AS `Message...' at line 1
Request URL: /messages/inbox
Stack Trace:
#0 /Applications/XAMPP/xamppfiles/htdocs/FortyDegreeActivity/lib/Cake/Model/Datasource/DboSource.php(502): PDOStatement->execute(Array)
#1 /Applications/XAMPP/xamppfiles/htdocs/FortyDegreeActivity/lib/Cake/Model/Datasource/DboSource.php(468): DboSource->_execute('SELECT DISTINCT...', Array)
#2 /Applications/XAMPP/xamppfiles/htdocs/FortyDegreeActivity/lib/Cake/Model/Datasource/DboSource.php(715): DboSource->execute('SELECT DISTINCT...', Array, Array)
#3 /Applications/XAMPP/xamppfiles/htdocs/FortyDegreeActivity/lib/Cake/Model/Datasource/DboSource.php(1226): DboSource->fetchAll('SELECT DISTINCT...', Array)
#4 /Applications/XAMPP/xamppfiles/htdocs/FortyDegreeActivity/lib/Cake/Model/Model.php(3053): DboSource->read(Object(Message), Array)
#5 /Applications/XAMPP/xamppfiles/htdocs/FortyDegreeActivity/lib/Cake/Model/Model.php(3025): Model->_readDataSource('all', Array)
#6 /Applications/XAMPP/xamppfiles/htdocs/FortyDegreeActivity/app/Controller/MessagesController.php(18): Model->find('all', Array)
#7 [internal function]: MessagesController->inbox()
#8 /Applications/XAMPP/xamppfiles/htdocs/FortyDegreeActivity/lib/Cake/Controller/Controller.php(499): ReflectionMethod->invokeArgs(Object(MessagesController), Array)
#9 /Applications/XAMPP/xamppfiles/htdocs/FortyDegreeActivity/lib/Cake/Routing/Dispatcher.php(193): Controller->invokeAction(Object(CakeRequest))
#10 /Applications/XAMPP/xamppfiles/htdocs/FortyDegreeActivity/lib/Cake/Routing/Dispatcher.php(167): Dispatcher->_invoke(Object(MessagesController), Object(CakeRequest))
#11 /Applications/XAMPP/xamppfiles/htdocs/FortyDegreeActivity/app/webroot/index.php(117): Dispatcher->dispatch(Object(CakeRequest), Object(CakeResponse))
#12 /Applications/XAMPP/xamppfiles/htdocs/FortyDegreeActivity/index.php(41): require('/Applications/X...')
#13 {main}
2024-06-26 10:21:30 Error: [PDOException] SQLSTATE[42000]: Syntax error or access violation: 1064 You have an error in your SQL syntax; check the manual that corresponds to your MariaDB server version for the right syntax to use near 'DISTINCT `Message`.`receiver_id` FROM `forty_activity`.`messages` AS `Message...' at line 1
Request URL: /messages/inbox
Stack Trace:
#0 /Applications/XAMPP/xamppfiles/htdocs/FortyDegreeActivity/lib/Cake/Model/Datasource/DboSource.php(502): PDOStatement->execute(Array)
#1 /Applications/XAMPP/xamppfiles/htdocs/FortyDegreeActivity/lib/Cake/Model/Datasource/DboSource.php(468): DboSource->_execute('SELECT DISTINCT...', Array)
#2 /Applications/XAMPP/xamppfiles/htdocs/FortyDegreeActivity/lib/Cake/Model/Datasource/DboSource.php(715): DboSource->execute('SELECT DISTINCT...', Array, Array)
#3 /Applications/XAMPP/xamppfiles/htdocs/FortyDegreeActivity/lib/Cake/Model/Datasource/DboSource.php(1226): DboSource->fetchAll('SELECT DISTINCT...', Array)
#4 /Applications/XAMPP/xamppfiles/htdocs/FortyDegreeActivity/lib/Cake/Model/Model.php(3053): DboSource->read(Object(Message), Array)
#5 /Applications/XAMPP/xamppfiles/htdocs/FortyDegreeActivity/lib/Cake/Model/Model.php(3025): Model->_readDataSource('all', Array)
#6 /Applications/XAMPP/xamppfiles/htdocs/FortyDegreeActivity/app/Controller/MessagesController.php(18): Model->find('all', Array)
#7 [internal function]: MessagesController->inbox()
#8 /Applications/XAMPP/xamppfiles/htdocs/FortyDegreeActivity/lib/Cake/Controller/Controller.php(499): ReflectionMethod->invokeArgs(Object(MessagesController), Array)
#9 /Applications/XAMPP/xamppfiles/htdocs/FortyDegreeActivity/lib/Cake/Routing/Dispatcher.php(193): Controller->invokeAction(Object(CakeRequest))
#10 /Applications/XAMPP/xamppfiles/htdocs/FortyDegreeActivity/lib/Cake/Routing/Dispatcher.php(167): Dispatcher->_invoke(Object(MessagesController), Object(CakeRequest))
#11 /Applications/XAMPP/xamppfiles/htdocs/FortyDegreeActivity/app/webroot/index.php(117): Dispatcher->dispatch(Object(CakeRequest), Object(CakeResponse))
#12 /Applications/XAMPP/xamppfiles/htdocs/FortyDegreeActivity/index.php(41): require('/Applications/X...')
#13 {main}
